  [4;36;1mSQL (1.0ms)[0m   [0;1mSET NAMES 'utf8'[0m
  [4;35;1mSQL (0.9ms)[0m   [0mSET SQL_AUTO_IS_NULL=0[0m
  [4;36;1mSQL (35.4ms)[0m   [0;1mSHOW TABLES[0m
  [4;35;1mSQL (32.6ms)[0m   [0mSELECT version FROM schema_migrations[0m
Migrating to CreateUsers (20090421144519)
  [4;36;1mSQL (1.1ms)[0m   [0;1mSHOW TABLES[0m
  [4;35;1mSQL (114.2ms)[0m   [0mCREATE TABLE `users` (`id` int(11) DEFAULT NULL auto_increment PRIMARY KEY, `login` varchar(40), `name` varchar(100) DEFAULT '', `email` varchar(100), `crypted_password` varchar(40), `salt` varchar(40), `created_at` datetime, `updated_at` datetime, `remember_token` varchar(40), `remember_token_expires_at` datetime, `activation_code` varchar(40), `activated_at` datetime, `state` varchar(255) DEFAULT 'passive', `deleted_at` datetime) ENGINE=InnoDB[0m
  [4;36;1mSQL (129.5ms)[0m   [0;1mCREATE UNIQUE INDEX `index_users_on_login` ON `users` (`login`)[0m
  [4;35;1mSQL (3.1ms)[0m   [0mINSERT INTO schema_migrations (version) VALUES ('20090421144519')[0m
Migrating to CreateCategorieActions (20090421145104)
  [4;36;1mSQL (93.4ms)[0m   [0;1mCREATE TABLE `categorie_actions` (`id` int(11) DEFAULT NULL auto_increment PRIMARY KEY, `nom` varchar(255), `theme` text, `permalink` varchar(255), `created_at` datetime, `updated_at` datetime) ENGINE=InnoDB[0m
  [4;35;1mSQL (1.7ms)[0m   [0mINSERT INTO schema_migrations (version) VALUES ('20090421145104')[0m
Migrating to CreateActions (20090421145247)
  [4;36;1mSQL (89.2ms)[0m   [0;1mCREATE TABLE `actions` (`id` int(11) DEFAULT NULL auto_increment PRIMARY KEY, `nom` varchar(255), `description` text, `nom_lien` varchar(255), `lien` varchar(255), `categorie_action_id` int(11), `created_at` datetime, `updated_at` datetime) ENGINE=InnoDB[0m
  [4;35;1mSQL (1.9ms)[0m   [0mINSERT INTO schema_migrations (version) VALUES ('20090421145247')[0m
Migrating to CreateArticles (20090421145936)
  [4;36;1mSQL (90.7ms)[0m   [0;1mCREATE TABLE `articles` (`id` int(11) DEFAULT NULL auto_increment PRIMARY KEY, `titre` varchar(255), `body` text, `user_id` int(11), `evenement_id` int(11), `created_at` datetime, `updated_at` datetime) ENGINE=InnoDB[0m
  [4;35;1mSQL (1.8ms)[0m   [0mINSERT INTO schema_migrations (version) VALUES ('20090421145936')[0m
Migrating to CreateComments (20090421150038)
  [4;36;1mSQL (104.5ms)[0m   [0;1mCREATE TABLE `comments` (`id` int(11) DEFAULT NULL auto_increment PRIMARY KEY, `user_id` int(11), `body` text, `article_id` int(11), `created_at` datetime, `updated_at` datetime) ENGINE=InnoDB[0m
  [4;35;1mSQL (4.8ms)[0m   [0mINSERT INTO schema_migrations (version) VALUES ('20090421150038')[0m
Migrating to CreateEvenements (20090421150220)
  [4;36;1mSQL (112.6ms)[0m   [0;1mCREATE TABLE `evenements` (`id` int(11) DEFAULT NULL auto_increment PRIMARY KEY, `titre` varchar(255), `date` date, `description` text, `created_at` datetime, `updated_at` datetime) ENGINE=InnoDB[0m
  [4;35;1mSQL (3.0ms)[0m   [0mINSERT INTO schema_migrations (version) VALUES ('20090421150220')[0m
Migrating to CreateLiens (20090421150308)
  [4;36;1mSQL (79.5ms)[0m   [0;1mCREATE TABLE `liens` (`id` int(11) DEFAULT NULL auto_increment PRIMARY KEY, `nom` varchar(255), `adresse` varchar(255), `created_at` datetime, `updated_at` datetime) ENGINE=InnoDB[0m
  [4;35;1mSQL (1.5ms)[0m   [0mINSERT INTO schema_migrations (version) VALUES ('20090421150308')[0m
Migrating to CreateMembres (20090421150903)
  [4;36;1mSQL (80.1ms)[0m   [0;1mCREATE TABLE `membres` (`id` int(11) DEFAULT NULL auto_increment PRIMARY KEY, `nom` varchar(255), `description` text, `adresse` varchar(255), `cp` varchar(255), `ville` varchar(255), `tel` varchar(255), `fax` varchar(255), `weburl` varchar(255), `created_at` datetime, `updated_at` datetime) ENGINE=InnoDB[0m
  [4;35;1mSQL (1.1ms)[0m   [0mINSERT INTO schema_migrations (version) VALUES ('20090421150903')[0m
Migrating to CreateCpteRendus (20090421151112)
  [4;36;1mSQL (92.9ms)[0m   [0;1mCREATE TABLE `cpte_rendus` (`id` int(11) DEFAULT NULL auto_increment PRIMARY KEY, `titre` varchar(255), `published_at` datetime, `body` text, `user_id` int(11), `created_at` datetime, `updated_at` datetime) ENGINE=InnoDB[0m
  [4;35;1mSQL (1.9ms)[0m   [0mINSERT INTO schema_migrations (version) VALUES ('20090421151112')[0m
  [4;36;1mSQL (2.0ms)[0m   [0;1mSHOW TABLES[0m
  [4;35;1mSQL (0.9ms)[0m   [0mSELECT version FROM schema_migrations[0m
  [4;36;1mSQL (8.6ms)[0m   [0;1mSHOW TABLES[0m
  [4;35;1mSQL (6.1ms)[0m   [0mSHOW FIELDS FROM `actions`[0m
  [4;36;1mSQL (8.7ms)[0m   [0;1mdescribe `actions`[0m
  [4;35;1mSQL (1.8ms)[0m   [0mSHOW KEYS FROM `actions`[0m
  [4;36;1mSQL (4.5ms)[0m   [0;1mSHOW FIELDS FROM `articles`[0m
  [4;35;1mSQL (4.9ms)[0m   [0mdescribe `articles`[0m
  [4;36;1mSQL (0.9ms)[0m   [0;1mSHOW KEYS FROM `articles`[0m
  [4;35;1mSQL (3.4ms)[0m   [0mSHOW FIELDS FROM `categorie_actions`[0m
  [4;36;1mSQL (4.8ms)[0m   [0;1mdescribe `categorie_actions`[0m
  [4;35;1mSQL (3.8ms)[0m   [0mSHOW KEYS FROM `categorie_actions`[0m
  [4;36;1mSQL (7.9ms)[0m   [0;1mSHOW FIELDS FROM `comments`[0m
  [4;35;1mSQL (3.3ms)[0m   [0mdescribe `comments`[0m
  [4;36;1mSQL (0.8ms)[0m   [0;1mSHOW KEYS FROM `comments`[0m
  [4;35;1mSQL (2.9ms)[0m   [0mSHOW FIELDS FROM `cpte_rendus`[0m
  [4;36;1mSQL (2.6ms)[0m   [0;1mdescribe `cpte_rendus`[0m
  [4;35;1mSQL (0.7ms)[0m   [0mSHOW KEYS FROM `cpte_rendus`[0m
  [4;36;1mSQL (3.5ms)[0m   [0;1mSHOW FIELDS FROM `evenements`[0m
  [4;35;1mSQL (2.5ms)[0m   [0mdescribe `evenements`[0m
  [4;36;1mSQL (0.7ms)[0m   [0;1mSHOW KEYS FROM `evenements`[0m
  [4;35;1mSQL (2.8ms)[0m   [0mSHOW FIELDS FROM `liens`[0m
  [4;36;1mSQL (2.9ms)[0m   [0;1mdescribe `liens`[0m
  [4;35;1mSQL (1.1ms)[0m   [0mSHOW KEYS FROM `liens`[0m
  [4;36;1mSQL (3.2ms)[0m   [0;1mSHOW FIELDS FROM `membres`[0m
  [4;35;1mSQL (3.4ms)[0m   [0mdescribe `membres`[0m
  [4;36;1mSQL (0.8ms)[0m   [0;1mSHOW KEYS FROM `membres`[0m
  [4;35;1mSQL (3.4ms)[0m   [0mSHOW FIELDS FROM `users`[0m
  [4;36;1mSQL (3.5ms)[0m   [0;1mdescribe `users`[0m
  [4;35;1mSQL (0.8ms)[0m   [0mSHOW KEYS FROM `users`[0m
  [4;36;1mSQL (0.7ms)[0m   [0;1mSET NAMES 'utf8'[0m
  [4;35;1mSQL (0.3ms)[0m   [0mSET SQL_AUTO_IS_NULL=0[0m
  [4;36;1mSQL (1.8ms)[0m   [0;1mSHOW TABLES[0m
  [4;35;1mSQL (0.7ms)[0m   [0mSELECT version FROM schema_migrations[0m
Migrating to CreateUsers (20090421144519)
Migrating to CreateCategorieActions (20090421145104)
Migrating to CreateActions (20090421145247)
Migrating to CreateArticles (20090421145936)
Migrating to CreateComments (20090421150038)
Migrating to CreateEvenements (20090421150220)
Migrating to CreateLiens (20090421150308)
Migrating to CreateMembres (20090421150903)
Migrating to CreateCpteRendus (20090421151112)
Migrating to AddEmailToMembres (20090421151241)
  [4;36;1mSQL (84.2ms)[0m   [0;1mALTER TABLE `membres` ADD `email` varchar(255)[0m
  [4;35;1mSQL (2.2ms)[0m   [0mINSERT INTO schema_migrations (version) VALUES ('20090421151241')[0m
  [4;36;1mSQL (1.8ms)[0m   [0;1mSHOW TABLES[0m
  [4;35;1mSQL (0.6ms)[0m   [0mSELECT version FROM schema_migrations[0m
  [4;36;1mSQL (1.4ms)[0m   [0;1mSHOW TABLES[0m
  [4;35;1mSQL (4.1ms)[0m   [0mSHOW FIELDS FROM `actions`[0m
  [4;36;1mSQL (8.0ms)[0m   [0;1mdescribe `actions`[0m
  [4;35;1mSQL (2.3ms)[0m   [0mSHOW KEYS FROM `actions`[0m
  [4;36;1mSQL (3.2ms)[0m   [0;1mSHOW FIELDS FROM `articles`[0m
  [4;35;1mSQL (7.7ms)[0m   [0mdescribe `articles`[0m
  [4;36;1mSQL (1.5ms)[0m   [0;1mSHOW KEYS FROM `articles`[0m
  [4;35;1mSQL (3.4ms)[0m   [0mSHOW FIELDS FROM `categorie_actions`[0m
  [4;36;1mSQL (3.9ms)[0m   [0;1mdescribe `categorie_actions`[0m
  [4;35;1mSQL (3.0ms)[0m   [0mSHOW KEYS FROM `categorie_actions`[0m
  [4;36;1mSQL (3.2ms)[0m   [0;1mSHOW FIELDS FROM `comments`[0m
  [4;35;1mSQL (5.1ms)[0m   [0mdescribe `comments`[0m
  [4;36;1mSQL (2.1ms)[0m   [0;1mSHOW KEYS FROM `comments`[0m
  [4;35;1mSQL (3.3ms)[0m   [0mSHOW FIELDS FROM `cpte_rendus`[0m
  [4;36;1mSQL (3.8ms)[0m   [0;1mdescribe `cpte_rendus`[0m
  [4;35;1mSQL (2.5ms)[0m   [0mSHOW KEYS FROM `cpte_rendus`[0m
  [4;36;1mSQL (3.3ms)[0m   [0;1mSHOW FIELDS FROM `evenements`[0m
  [4;35;1mSQL (6.1ms)[0m   [0mdescribe `evenements`[0m
  [4;36;1mSQL (1.1ms)[0m   [0;1mSHOW KEYS FROM `evenements`[0m
  [4;35;1mSQL (3.1ms)[0m   [0mSHOW FIELDS FROM `liens`[0m
  [4;36;1mSQL (4.0ms)[0m   [0;1mdescribe `liens`[0m
  [4;35;1mSQL (2.0ms)[0m   [0mSHOW KEYS FROM `liens`[0m
  [4;36;1mSQL (3.8ms)[0m   [0;1mSHOW FIELDS FROM `membres`[0m
  [4;35;1mSQL (5.3ms)[0m   [0mdescribe `membres`[0m
  [4;36;1mSQL (2.6ms)[0m   [0;1mSHOW KEYS FROM `membres`[0m
  [4;35;1mSQL (4.0ms)[0m   [0mSHOW FIELDS FROM `users`[0m
  [4;36;1mSQL (6.2ms)[0m   [0;1mdescribe `users`[0m
  [4;35;1mSQL (3.3ms)[0m   [0mSHOW KEYS FROM `users`[0m
